<?xml version="1.0" encoding="UTF-8"?>
<testsuite name="com.adobeclassic.qa.tests.templates.HeroV2Test" tests="2" skipped="0" failures="0" errors="0" timestamp="2020-06-17T09:55:58" hostname="WKWGB7645089" time="378.447">
  <properties/>
  <testcase name="configureHeroV2Component()" classname="com.adobeclassic.qa.tests.templates.HeroV2Test" time="174.006"/>
  <testcase name="configureHeroV2ComponentVideo()" classname="com.adobeclassic.qa.tests.templates.HeroV2Test" time="200.846"/>
  <system-out><![CDATA[]]></system-out>
  <system-err><![CDATA[Starting ChromeDriver 83.0.4103.39 (ccbf011cb2d2b19b506d844400483861342c20cd-refs/branch-heads/4103@{#416}) on port 12153
Only local connections are allowed.
Please see https://chromedriver.chromium.org/security-considerations for suggestions on keeping ChromeDriver safe.
ChromeDriver was started successfully.
Jun 17, 2020 3:25:56 PM org.openqa.selenium.remote.ProtocolHandshake createSession
INFO: Detected dialect: W3C
Starting ChromeDriver 83.0.4103.39 (ccbf011cb2d2b19b506d844400483861342c20cd-refs/branch-heads/4103@{#416}) on port 20124
Only local connections are allowed.
Please see https://chromedriver.chromium.org/security-considerations for suggestions on keeping ChromeDriver safe.
ChromeDriver was started successfully.
Jun 17, 2020 3:28:54 PM org.openqa.selenium.remote.ProtocolHandshake createSession
INFO: Detected dialect: W3C
]]></system-err>
</testsuite>
